# JRE version: OpenJDK Runtime Environment Temurin-21.0.7+6 (21.0.7+6) (build 21.0.7+6-LTS)
# Java VM: OpenJDK 64-Bit Server VM Temurin-21.0.7+6 (21.0.7+6-LTS, mixed mode, sharing, tiered, compressed oops, compressed class ptrs, parallel gc, windows-amd64)
GC Precious Log:
 CardTable entry size: 512
 CPUs: 12 total, 12 available
 Memory: 7581M
 Large Page Support: Disabled
 NUMA Support: Disabled
 Compressed Oops: Enabled (32-bit)
 Alignments: Space 512K, Generation 512K, Heap 2M
 Heap Min Capacity: 100M
 Heap Initial Capacity: 100M
 Heap Max Capacity: 2G
 Pre-touch: Disabled
 Parallel Workers: 10
Heap:
 PSYoungGen      total 10240K, used 2555K [0x00000000d5580000, 0x00000000d6180000, 0x0000000100000000)
  eden space 8192K, 8% used [0x00000000d5580000,0x00000000d5628d68,0x00000000d5d80000)
  from space 2048K, 91% used [0x00000000d5d80000,0x00000000d5f55fe0,0x00000000d5f80000)
  to   space 2048K, 0% used [0x00000000d5f80000,0x00000000d5f80000,0x00000000d6180000)
 ParOldGen       total 156160K, used 155827K [0x0000000080000000, 0x0000000089880000, 0x00000000d5580000)
  object space 156160K, 99% used [0x0000000080000000,0x000000008982cca0,0x0000000089880000)
 Metaspace       used 52375K, committed 53568K, reserved 1114112K
  class space    used 5534K, committed 6080K, reserved 1048576K
GC Heap History (20 events):
Event: 9.425 GC heap before
{Heap before GC invocations=69 (full 2):
 PSYoungGen      total 11776K, used 11300K [0x00000000d5580000, 0x00000000d6580000, 0x0000000100000000)
  eden space 9216K, 100% used [0x00000000d5580000,0x00000000d5e80000,0x00000000d5e80000)
  from space 2560K, 81% used [0x00000000d6300000,0x00000000d6509280,0x00000000d6580000)
  to   space 3072K, 0% used [0x00000000d5f80000,0x00000000d5f80000,0x00000000d6280000)
 ParOldGen       total 137728K, used 137547K [0x0000000080000000, 0x0000000088680000, 0x00000000d5580000)
  object space 137728K, 99% used [0x0000000080000000,0x0000000088652d30,0x0000000088680000)
 Metaspace       used 51612K, committed 52800K, reserved 1114112K
  class space    used 5457K, committed 6016K, reserved 1048576K
}
Event: 9.428 GC heap after
{Heap after GC invocations=69 (full 2):
 PSYoungGen      total 11776K, used 2059K [0x00000000d5580000, 0x00000000d6380000, 0x0000000100000000)
  eden space 9216K, 0% used [0x00000000d5580000,0x00000000d5580000,0x00000000d5e80000)
  from space 2560K, 80% used [0x00000000d5f80000,0x00000000d6182e40,0x00000000d6200000)
  to   space 1536K, 0% used [0x00000000d6200000,0x00000000d6200000,0x00000000d6380000)
 ParOldGen       total 139776K, used 139465K [0x0000000080000000, 0x0000000088880000, 0x00000000d5580000)
  object space 139776K, 99% used [0x0000000080000000,0x00000000888325c8,0x0000000088880000)
 Metaspace       used 51612K, committed 52800K, reserved 1114112K
  class space    used 5457K, committed 6016K, reserved 1048576K
}
Event: 9.461 GC heap before
{Heap before GC invocations=70 (full 2):
 PSYoungGen      total 11776K, used 11275K [0x00000000d5580000, 0x00000000d6380000, 0x0000000100000000)
  eden space 9216K, 100% used [0x00000000d5580000,0x00000000d5e80000,0x00000000d5e80000)
  from space 2560K, 80% used [0x00000000d5f80000,0x00000000d6182e40,0x00000000d6200000)
  to   space 1536K, 0% used [0x00000000d6200000,0x00000000d6200000,0x00000000d6380000)
 ParOldGen       total 139776K, used 139465K [0x0000000080000000, 0x0000000088880000, 0x00000000d5580000)
  object space 139776K, 99% used [0x0000000080000000,0x00000000888325c8,0x0000000088880000)
 Metaspace       used 51668K, committed 52864K, reserved 1114112K
  class space    used 5460K, committed 6016K, reserved 1048576K
}
Event: 9.464 GC heap after
{Heap after GC invocations=70 (full 2):
 PSYoungGen      total 9728K, used 1533K [0x00000000d5580000, 0x00000000d6780000, 0x0000000100000000)
  eden space 8192K, 0% used [0x00000000d5580000,0x00000000d5580000,0x00000000d5d80000)
  from space 1536K, 99% used [0x00000000d6200000,0x00000000d637f508,0x00000000d6380000)
  to   space 4608K, 0% used [0x00000000d5d80000,0x00000000d5d80000,0x00000000d6200000)
 ParOldGen       total 142336K, used 141869K [0x0000000080000000, 0x0000000088b00000, 0x00000000d5580000)
  object space 142336K, 99% used [0x0000000080000000,0x0000000088a8b7b8,0x0000000088b00000)
 Metaspace       used 51668K, committed 52864K, reserved 1114112K
  class space    used 5460K, committed 6016K, reserved 1048576K
}
Event: 9.491 GC heap before
{Heap before GC invocations=71 (full 2):
 PSYoungGen      total 9728K, used 9725K [0x00000000d5580000, 0x00000000d6780000, 0x0000000100000000)
  eden space 8192K, 100% used [0x00000000d5580000,0x00000000d5d80000,0x00000000d5d80000)
  from space 1536K, 99% used [0x00000000d6200000,0x00000000d637f508,0x00000000d6380000)
  to   space 4608K, 0% used [0x00000000d5d80000,0x00000000d5d80000,0x00000000d6200000)
 ParOldGen       total 142336K, used 141869K [0x0000000080000000, 0x0000000088b00000, 0x00000000d5580000)
  object space 142336K, 99% used [0x0000000080000000,0x0000000088a8b7b8,0x0000000088b00000)
 Metaspace       used 51714K, committed 52928K, reserved 1114112K
  class space    used 5464K, committed 6016K, reserved 1048576K
}
Event: 9.494 GC heap after
{Heap after GC invocations=71 (full 2):
 PSYoungGen      total 10240K, used 1937K [0x00000000d5580000, 0x00000000d6380000, 0x0000000100000000)
  eden space 8192K, 0% used [0x00000000d5580000,0x00000000d5580000,0x00000000d5d80000)
  from space 2048K, 94% used [0x00000000d5d80000,0x00000000d5f645d8,0x00000000d5f80000)
  to   space 3072K, 0% used [0x00000000d6080000,0x00000000d6080000,0x00000000d6380000)
 ParOldGen       total 143360K, used 143332K [0x0000000080000000, 0x0000000088c00000, 0x00000000d5580000)
  object space 143360K, 99% used [0x0000000080000000,0x0000000088bf93b0,0x0000000088c00000)
 Metaspace       used 51714K, committed 52928K, reserved 1114112K
  class space    used 5464K, committed 6016K, reserved 1048576K
}
Event: 9.519 GC heap before
{Heap before GC invocations=72 (full 2):
 PSYoungGen      total 10240K, used 10129K [0x00000000d5580000, 0x00000000d6380000, 0x0000000100000000)
  eden space 8192K, 100% used [0x00000000d5580000,0x00000000d5d80000,0x00000000d5d80000)
  from space 2048K, 94% used [0x00000000d5d80000,0x00000000d5f645d8,0x00000000d5f80000)
  to   space 3072K, 0% used [0x00000000d6080000,0x00000000d6080000,0x00000000d6380000)
 ParOldGen       total 143360K, used 143332K [0x0000000080000000, 0x0000000088c00000, 0x00000000d5580000)
  object space 143360K, 99% used [0x0000000080000000,0x0000000088bf93b0,0x0000000088c00000)
 Metaspace       used 51813K, committed 53056K, reserved 1114112K
  class space    used 5471K, committed 6080K, reserved 1048576K
}
Event: 9.521 GC heap after
{Heap after GC invocations=72 (full 2):
 PSYoungGen      total 10240K, used 1851K [0x00000000d5580000, 0x00000000d6280000, 0x0000000100000000)
  eden space 8192K, 0% used [0x00000000d5580000,0x00000000d5580000,0x00000000d5d80000)
  from space 2048K, 90% used [0x00000000d6080000,0x00000000d624ef68,0x00000000d6280000)
  to   space 2048K, 0% used [0x00000000d5d80000,0x00000000d5d80000,0x00000000d5f80000)
 ParOldGen       total 145408K, used 145075K [0x0000000080000000, 0x0000000088e00000, 0x00000000d5580000)
  object space 145408K, 99% used [0x0000000080000000,0x0000000088dacd58,0x0000000088e00000)
 Metaspace       used 51813K, committed 53056K, reserved 1114112K
  class space    used 5471K, committed 6080K, reserved 1048576K
}
Event: 9.554 GC heap before
{Heap before GC invocations=73 (full 2):
 PSYoungGen      total 10240K, used 10043K [0x00000000d5580000, 0x00000000d6280000, 0x0000000100000000)
  eden space 8192K, 100% used [0x00000000d5580000,0x00000000d5d80000,0x00000000d5d80000)
  from space 2048K, 90% used [0x00000000d6080000,0x00000000d624ef68,0x00000000d6280000)
  to   space 2048K, 0% used [0x00000000d5d80000,0x00000000d5d80000,0x00000000d5f80000)
 ParOldGen       total 145408K, used 145075K [0x0000000080000000, 0x0000000088e00000, 0x00000000d5580000)
  object space 145408K, 99% used [0x0000000080000000,0x0000000088dacd58,0x0000000088e00000)
 Metaspace       used 51892K, committed 53120K, reserved 1114112K
  class space    used 5476K, committed 6080K, reserved 1048576K
}
Event: 9.556 GC heap after
{Heap after GC invocations=73 (full 2):
 PSYoungGen      total 10240K, used 1805K [0x00000000d5580000, 0x00000000d6180000, 0x0000000100000000)
  eden space 8192K, 0% used [0x00000000d5580000,0x00000000d5580000,0x00000000d5d80000)
  from space 2048K, 88% used [0x00000000d5d80000,0x00000000d5f434e0,0x00000000d5f80000)
  to   space 2048K, 0% used [0x00000000d5f80000,0x00000000d5f80000,0x00000000d6180000)
 ParOldGen       total 146944K, used 146713K [0x0000000080000000, 0x0000000088f80000, 0x00000000d5580000)
  object space 146944K, 99% used [0x0000000080000000,0x0000000088f46408,0x0000000088f80000)
 Metaspace       used 51892K, committed 53120K, reserved 1114112K
  class space    used 5476K, committed 6080K, reserved 1048576K
}
Event: 9.595 GC heap before
{Heap before GC invocations=74 (full 2):
 PSYoungGen      total 10240K, used 9997K [0x00000000d5580000, 0x00000000d6180000, 0x0000000100000000)
  eden space 8192K, 100% used [0x00000000d5580000,0x00000000d5d80000,0x00000000d5d80000)
  from space 2048K, 88% used [0x00000000d5d80000,0x00000000d5f434e0,0x00000000d5f80000)
  to   space 2048K, 0% used [0x00000000d5f80000,0x00000000d5f80000,0x00000000d6180000)
 ParOldGen       total 146944K, used 146713K [0x0000000080000000, 0x0000000088f80000, 0x00000000d5580000)
  object space 146944K, 99% used [0x0000000080000000,0x0000000088f46408,0x0000000088f80000)
 Metaspace       used 51963K, committed 53184K, reserved 1114112K
  class space    used 5486K, committed 6080K, reserved 1048576K
}
Event: 9.597 GC heap after
{Heap after GC invocations=74 (full 2):
 PSYoungGen      total 10240K, used 1741K [0x00000000d5580000, 0x00000000d6180000, 0x0000000100000000)
  eden space 8192K, 0% used [0x00000000d5580000,0x00000000d5580000,0x00000000d5d80000)
  from space 2048K, 85% used [0x00000000d5f80000,0x00000000d6133498,0x00000000d6180000)
  to   space 2048K, 0% used [0x00000000d5d80000,0x00000000d5d80000,0x00000000d5f80000)
 ParOldGen       total 148480K, used 148326K [0x0000000080000000, 0x0000000089100000, 0x00000000d5580000)
  object space 148480K, 99% used [0x0000000080000000,0x00000000890d9be8,0x0000000089100000)
 Metaspace       used 51963K, committed 53184K, reserved 1114112K
  class space    used 5486K, committed 6080K, reserved 1048576K
}
Event: 9.635 GC heap before
{Heap before GC invocations=75 (full 2):
 PSYoungGen      total 10240K, used 9933K [0x00000000d5580000, 0x00000000d6180000, 0x0000000100000000)
  eden space 8192K, 100% used [0x00000000d5580000,0x00000000d5d80000,0x00000000d5d80000)
  from space 2048K, 85% used [0x00000000d5f80000,0x00000000d6133498,0x00000000d6180000)
  to   space 2048K, 0% used [0x00000000d5d80000,0x00000000d5d80000,0x00000000d5f80000)
 ParOldGen       total 148480K, used 148326K [0x0000000080000000, 0x0000000089100000, 0x00000000d5580000)
  object space 148480K, 99% used [0x0000000080000000,0x00000000890d9be8,0x0000000089100000)
 Metaspace       used 51993K, committed 53184K, reserved 1114112K
  class space    used 5495K, committed 6080K, reserved 1048576K
}
Event: 9.637 GC heap after
{Heap after GC invocations=75 (full 2):
 PSYoungGen      total 10240K, used 1679K [0x00000000d5580000, 0x00000000d6180000, 0x0000000100000000)
  eden space 8192K, 0% used [0x00000000d5580000,0x00000000d5580000,0x00000000d5d80000)
  from space 2048K, 81% used [0x00000000d5d80000,0x00000000d5f23c70,0x00000000d5f80000)
  to   space 2048K, 0% used [0x00000000d5f80000,0x00000000d5f80000,0x00000000d6180000)
 ParOldGen       total 150016K, used 149918K [0x0000000080000000, 0x0000000089280000, 0x00000000d5580000)
  object space 150016K, 99% used [0x0000000080000000,0x0000000089267bf0,0x0000000089280000)
 Metaspace       used 51993K, committed 53184K, reserved 1114112K
  class space    used 5495K, committed 6080K, reserved 1048576K
}
Event: 9.702 GC heap before
{Heap before GC invocations=76 (full 2):
 PSYoungGen      total 10240K, used 9871K [0x00000000d5580000, 0x00000000d6180000, 0x0000000100000000)
  eden space 8192K, 100% used [0x00000000d5580000,0x00000000d5d80000,0x00000000d5d80000)
  from space 2048K, 81% used [0x00000000d5d80000,0x00000000d5f23c70,0x00000000d5f80000)
  to   space 2048K, 0% used [0x00000000d5f80000,0x00000000d5f80000,0x00000000d6180000)
 ParOldGen       total 150016K, used 149918K [0x0000000080000000, 0x0000000089280000, 0x00000000d5580000)
  object space 150016K, 99% used [0x0000000080000000,0x0000000089267bf0,0x0000000089280000)
 Metaspace       used 52098K, committed 53312K, reserved 1114112K
  class space    used 5502K, committed 6080K, reserved 1048576K
}
Event: 9.704 GC heap after
{Heap after GC invocations=76 (full 2):
 PSYoungGen      total 10240K, used 1693K [0x00000000d5580000, 0x00000000d6180000, 0x0000000100000000)
  eden space 8192K, 0% used [0x00000000d5580000,0x00000000d5580000,0x00000000d5d80000)
  from space 2048K, 82% used [0x00000000d5f80000,0x00000000d6127570,0x00000000d6180000)
  to   space 2048K, 0% used [0x00000000d5d80000,0x00000000d5d80000,0x00000000d5f80000)
 ParOldGen       total 151552K, used 151467K [0x0000000080000000, 0x0000000089400000, 0x00000000d5580000)
  object space 151552K, 99% used [0x0000000080000000,0x00000000893eac28,0x0000000089400000)
 Metaspace       used 52098K, committed 53312K, reserved 1114112K
  class space    used 5502K, committed 6080K, reserved 1048576K
}
Event: 9.775 GC heap before
{Heap before GC invocations=77 (full 2):
 PSYoungGen      total 10240K, used 9885K [0x00000000d5580000, 0x00000000d6180000, 0x0000000100000000)
  eden space 8192K, 100% used [0x00000000d5580000,0x00000000d5d80000,0x00000000d5d80000)
  from space 2048K, 82% used [0x00000000d5f80000,0x00000000d6127570,0x00000000d6180000)
  to   space 2048K, 0% used [0x00000000d5d80000,0x00000000d5d80000,0x00000000d5f80000)
 ParOldGen       total 151552K, used 151467K [0x0000000080000000, 0x0000000089400000, 0x00000000d5580000)
  object space 151552K, 99% used [0x0000000080000000,0x00000000893eac28,0x0000000089400000)
 Metaspace       used 52256K, committed 53504K, reserved 1114112K
  class space    used 5518K, committed 6080K, reserved 1048576K
}
Event: 9.777 GC heap after
{Heap after GC invocations=77 (full 2):
 PSYoungGen      total 10240K, used 1465K [0x00000000d5580000, 0x00000000d6180000, 0x0000000100000000)
  eden space 8192K, 0% used [0x00000000d5580000,0x00000000d5580000,0x00000000d5d80000)
  from space 2048K, 71% used [0x00000000d5d80000,0x00000000d5eee5f8,0x00000000d5f80000)
  to   space 2048K, 0% used [0x00000000d5f80000,0x00000000d5f80000,0x00000000d6180000)
 ParOldGen       total 153088K, used 152944K [0x0000000080000000, 0x0000000089580000, 0x00000000d5580000)
  object space 153088K, 99% used [0x0000000080000000,0x000000008955c3d8,0x0000000089580000)
 Metaspace       used 52256K, committed 53504K, reserved 1114112K
  class space    used 5518K, committed 6080K, reserved 1048576K
}
Event: 9.889 GC heap before
{Heap before GC invocations=78 (full 2):
 PSYoungGen      total 10240K, used 9657K [0x00000000d5580000, 0x00000000d6180000, 0x0000000100000000)
  eden space 8192K, 100% used [0x00000000d5580000,0x00000000d5d80000,0x00000000d5d80000)
  from space 2048K, 71% used [0x00000000d5d80000,0x00000000d5eee5f8,0x00000000d5f80000)
  to   space 2048K, 0% used [0x00000000d5f80000,0x00000000d5f80000,0x00000000d6180000)
 ParOldGen       total 153088K, used 152944K [0x0000000080000000, 0x0000000089580000, 0x00000000d5580000)
  object space 153088K, 99% used [0x0000000080000000,0x000000008955c3d8,0x0000000089580000)
 Metaspace       used 52320K, committed 53568K, reserved 1114112K
  class space    used 5527K, committed 6080K, reserved 1048576K
}
Event: 9.891 GC heap after
{Heap after GC invocations=78 (full 2):
 PSYoungGen      total 10240K, used 1698K [0x00000000d5580000, 0x00000000d6180000, 0x0000000100000000)
  eden space 8192K, 0% used [0x00000000d5580000,0x00000000d5580000,0x00000000d5d80000)
  from space 2048K, 82% used [0x00000000d5f80000,0x00000000d6128938,0x00000000d6180000)
  to   space 2048K, 0% used [0x00000000d5d80000,0x00000000d5d80000,0x00000000d5f80000)
 ParOldGen       total 154624K, used 154284K [0x0000000080000000, 0x0000000089700000, 0x00000000d5580000)
  object space 154624K, 99% used [0x0000000080000000,0x00000000896ab308,0x0000000089700000)
 Metaspace       used 52320K, committed 53568K, reserved 1114112K
  class space    used 5527K, committed 6080K, reserved 1048576K
}

