# JRE version: OpenJDK Runtime Environment Temurin-21.0.7+6 (21.0.7+6) (build 21.0.7+6-LTS)
# Java VM: OpenJDK 64-Bit Server VM Temurin-21.0.7+6 (21.0.7+6-LTS, mixed mode, sharing, tiered, compressed oops, compressed class ptrs, parallel gc, windows-amd64)
GC Precious Log:
 CardTable entry size: 512
 CPUs: 12 total, 12 available
 Memory: 7581M
 Large Page Support: Disabled
 NUMA Support: Disabled
 Compressed Oops: Enabled (32-bit)
 Alignments: Space 512K, Generation 512K, Heap 2M
 Heap Min Capacity: 100M
 Heap Initial Capacity: 100M
 Heap Max Capacity: 2G
 Pre-touch: Disabled
 Parallel Workers: 10
Heap:
 PSYoungGen      total 3584K, used 2319K [0x00000000d5580000, 0x00000000d5a00000, 0x0000000100000000)
  eden space 2560K, 63% used [0x00000000d5580000,0x00000000d571a710,0x00000000d5800000)
  from space 1024K, 68% used [0x00000000d5800000,0x00000000d58af9b8,0x00000000d5900000)
  to   space 1024K, 0% used [0x00000000d5900000,0x00000000d5900000,0x00000000d5a00000)
 ParOldGen       total 273920K, used 273433K [0x0000000080000000, 0x0000000090b80000, 0x00000000d5580000)
  object space 273920K, 99% used [0x0000000080000000,0x0000000090b06720,0x0000000090b80000)
 Metaspace       used 57304K, committed 58624K, reserved 1114112K
  class space    used 5882K, committed 6464K, reserved 1048576K
GC Heap History (20 events):
Event: 12.746 GC heap before
{Heap before GC invocations=253 (full 2):
 PSYoungGen      total 3072K, used 2611K [0x00000000d5580000, 0x00000000d5980000, 0x0000000100000000)
  eden space 2048K, 99% used [0x00000000d5580000,0x00000000d577cc28,0x00000000d5780000)
  from space 1024K, 56% used [0x00000000d5880000,0x00000000d5910000,0x00000000d5980000)
  to   space 1024K, 0% used [0x00000000d5780000,0x00000000d5780000,0x00000000d5880000)
 ParOldGen       total 267264K, used 266884K [0x0000000080000000, 0x0000000090500000, 0x00000000d5580000)
  object space 267264K, 99% used [0x0000000080000000,0x00000000904a1118,0x0000000090500000)
 Metaspace       used 57026K, committed 58368K, reserved 1114112K
  class space    used 5870K, committed 6464K, reserved 1048576K
}
Event: 12.747 GC heap after
{Heap after GC invocations=253 (full 2):
 PSYoungGen      total 3072K, used 622K [0x00000000d5580000, 0x00000000d5980000, 0x0000000100000000)
  eden space 2048K, 0% used [0x00000000d5580000,0x00000000d5580000,0x00000000d5780000)
  from space 1024K, 60% used [0x00000000d5780000,0x00000000d581b958,0x00000000d5880000)
  to   space 1024K, 0% used [0x00000000d5880000,0x00000000d5880000,0x00000000d5980000)
 ParOldGen       total 267776K, used 267368K [0x0000000080000000, 0x0000000090580000, 0x00000000d5580000)
  object space 267776K, 99% used [0x0000000080000000,0x000000009051a358,0x0000000090580000)
 Metaspace       used 57026K, committed 58368K, reserved 1114112K
  class space    used 5870K, committed 6464K, reserved 1048576K
}
Event: 12.751 GC heap before
{Heap before GC invocations=254 (full 2):
 PSYoungGen      total 3072K, used 2670K [0x00000000d5580000, 0x00000000d5980000, 0x0000000100000000)
  eden space 2048K, 100% used [0x00000000d5580000,0x00000000d5780000,0x00000000d5780000)
  from space 1024K, 60% used [0x00000000d5780000,0x00000000d581b958,0x00000000d5880000)
  to   space 1024K, 0% used [0x00000000d5880000,0x00000000d5880000,0x00000000d5980000)
 ParOldGen       total 267776K, used 267368K [0x0000000080000000, 0x0000000090580000, 0x00000000d5580000)
  object space 267776K, 99% used [0x0000000080000000,0x000000009051a358,0x0000000090580000)
 Metaspace       used 57052K, committed 58368K, reserved 1114112K
  class space    used 5870K, committed 6464K, reserved 1048576K
}
Event: 12.753 GC heap after
{Heap after GC invocations=254 (full 2):
 PSYoungGen      total 3072K, used 656K [0x00000000d5580000, 0x00000000d5980000, 0x0000000100000000)
  eden space 2048K, 0% used [0x00000000d5580000,0x00000000d5580000,0x00000000d5780000)
  from space 1024K, 64% used [0x00000000d5880000,0x00000000d59243c8,0x00000000d5980000)
  to   space 1024K, 0% used [0x00000000d5780000,0x00000000d5780000,0x00000000d5880000)
 ParOldGen       total 268288K, used 267848K [0x0000000080000000, 0x0000000090600000, 0x00000000d5580000)
  object space 268288K, 99% used [0x0000000080000000,0x00000000905923a0,0x0000000090600000)
 Metaspace       used 57052K, committed 58368K, reserved 1114112K
  class space    used 5870K, committed 6464K, reserved 1048576K
}
Event: 12.758 GC heap before
{Heap before GC invocations=255 (full 2):
 PSYoungGen      total 3072K, used 2704K [0x00000000d5580000, 0x00000000d5980000, 0x0000000100000000)
  eden space 2048K, 99% used [0x00000000d5580000,0x00000000d577fff8,0x00000000d5780000)
  from space 1024K, 64% used [0x00000000d5880000,0x00000000d59243c8,0x00000000d5980000)
  to   space 1024K, 0% used [0x00000000d5780000,0x00000000d5780000,0x00000000d5880000)
 ParOldGen       total 268288K, used 267848K [0x0000000080000000, 0x0000000090600000, 0x00000000d5580000)
  object space 268288K, 99% used [0x0000000080000000,0x00000000905923a0,0x0000000090600000)
 Metaspace       used 57052K, committed 58368K, reserved 1114112K
  class space    used 5870K, committed 6464K, reserved 1048576K
}
Event: 12.759 GC heap after
{Heap after GC invocations=255 (full 2):
 PSYoungGen      total 3072K, used 674K [0x00000000d5580000, 0x00000000d5980000, 0x0000000100000000)
  eden space 2048K, 0% used [0x00000000d5580000,0x00000000d5580000,0x00000000d5780000)
  from space 1024K, 65% used [0x00000000d5780000,0x00000000d5828990,0x00000000d5880000)
  to   space 1024K, 0% used [0x00000000d5880000,0x00000000d5880000,0x00000000d5980000)
 ParOldGen       total 268800K, used 268349K [0x0000000080000000, 0x0000000090680000, 0x00000000d5580000)
  object space 268800K, 99% used [0x0000000080000000,0x000000009060f440,0x0000000090680000)
 Metaspace       used 57052K, committed 58368K, reserved 1114112K
  class space    used 5870K, committed 6464K, reserved 1048576K
}
Event: 12.764 GC heap before
{Heap before GC invocations=256 (full 2):
 PSYoungGen      total 3072K, used 2722K [0x00000000d5580000, 0x00000000d5980000, 0x0000000100000000)
  eden space 2048K, 99% used [0x00000000d5580000,0x00000000d577fff8,0x00000000d5780000)
  from space 1024K, 65% used [0x00000000d5780000,0x00000000d5828990,0x00000000d5880000)
  to   space 1024K, 0% used [0x00000000d5880000,0x00000000d5880000,0x00000000d5980000)
 ParOldGen       total 268800K, used 268349K [0x0000000080000000, 0x0000000090680000, 0x00000000d5580000)
  object space 268800K, 99% used [0x0000000080000000,0x000000009060f440,0x0000000090680000)
 Metaspace       used 57060K, committed 58432K, reserved 1114112K
  class space    used 5870K, committed 6464K, reserved 1048576K
}
Event: 12.765 GC heap after
{Heap after GC invocations=256 (full 2):
 PSYoungGen      total 3072K, used 544K [0x00000000d5580000, 0x00000000d5980000, 0x0000000100000000)
  eden space 2048K, 0% used [0x00000000d5580000,0x00000000d5580000,0x00000000d5780000)
  from space 1024K, 53% used [0x00000000d5880000,0x00000000d5908000,0x00000000d5980000)
  to   space 1024K, 0% used [0x00000000d5780000,0x00000000d5780000,0x00000000d5880000)
 ParOldGen       total 269312K, used 268829K [0x0000000080000000, 0x0000000090700000, 0x00000000d5580000)
  object space 269312K, 99% used [0x0000000080000000,0x0000000090687458,0x0000000090700000)
 Metaspace       used 57060K, committed 58432K, reserved 1114112K
  class space    used 5870K, committed 6464K, reserved 1048576K
}
Event: 12.773 GC heap before
{Heap before GC invocations=257 (full 2):
 PSYoungGen      total 3072K, used 2592K [0x00000000d5580000, 0x00000000d5980000, 0x0000000100000000)
  eden space 2048K, 100% used [0x00000000d5580000,0x00000000d5780000,0x00000000d5780000)
  from space 1024K, 53% used [0x00000000d5880000,0x00000000d5908000,0x00000000d5980000)
  to   space 1024K, 0% used [0x00000000d5780000,0x00000000d5780000,0x00000000d5880000)
 ParOldGen       total 269312K, used 268829K [0x0000000080000000, 0x0000000090700000, 0x00000000d5580000)
  object space 269312K, 99% used [0x0000000080000000,0x0000000090687458,0x0000000090700000)
 Metaspace       used 57067K, committed 58432K, reserved 1114112K
  class space    used 5870K, committed 6464K, reserved 1048576K
}
Event: 12.775 GC heap after
{Heap after GC invocations=257 (full 2):
 PSYoungGen      total 3072K, used 593K [0x00000000d5580000, 0x00000000d5980000, 0x0000000100000000)
  eden space 2048K, 0% used [0x00000000d5580000,0x00000000d5580000,0x00000000d5780000)
  from space 1024K, 57% used [0x00000000d5780000,0x00000000d5814520,0x00000000d5880000)
  to   space 1024K, 0% used [0x00000000d5880000,0x00000000d5880000,0x00000000d5980000)
 ParOldGen       total 269312K, used 269271K [0x0000000080000000, 0x0000000090700000, 0x00000000d5580000)
  object space 269312K, 99% used [0x0000000080000000,0x00000000906f5f90,0x0000000090700000)
 Metaspace       used 57067K, committed 58432K, reserved 1114112K
  class space    used 5870K, committed 6464K, reserved 1048576K
}
Event: 12.782 GC heap before
{Heap before GC invocations=258 (full 2):
 PSYoungGen      total 3072K, used 2641K [0x00000000d5580000, 0x00000000d5980000, 0x0000000100000000)
  eden space 2048K, 100% used [0x00000000d5580000,0x00000000d5780000,0x00000000d5780000)
  from space 1024K, 57% used [0x00000000d5780000,0x00000000d5814520,0x00000000d5880000)
  to   space 1024K, 0% used [0x00000000d5880000,0x00000000d5880000,0x00000000d5980000)
 ParOldGen       total 269312K, used 269271K [0x0000000080000000, 0x0000000090700000, 0x00000000d5580000)
  object space 269312K, 99% used [0x0000000080000000,0x00000000906f5f90,0x0000000090700000)
 Metaspace       used 57099K, committed 58432K, reserved 1114112K
  class space    used 5870K, committed 6464K, reserved 1048576K
}
Event: 12.783 GC heap after
{Heap after GC invocations=258 (full 2):
 PSYoungGen      total 3072K, used 544K [0x00000000d5580000, 0x00000000d5980000, 0x0000000100000000)
  eden space 2048K, 0% used [0x00000000d5580000,0x00000000d5580000,0x00000000d5780000)
  from space 1024K, 53% used [0x00000000d5880000,0x00000000d5908000,0x00000000d5980000)
  to   space 1024K, 0% used [0x00000000d5780000,0x00000000d5780000,0x00000000d5880000)
 ParOldGen       total 269824K, used 269746K [0x0000000080000000, 0x0000000090780000, 0x00000000d5580000)
  object space 269824K, 99% used [0x0000000080000000,0x000000009076ca60,0x0000000090780000)
 Metaspace       used 57099K, committed 58432K, reserved 1114112K
  class space    used 5870K, committed 6464K, reserved 1048576K
}
Event: 12.789 GC heap before
{Heap before GC invocations=259 (full 2):
 PSYoungGen      total 3072K, used 2592K [0x00000000d5580000, 0x00000000d5980000, 0x0000000100000000)
  eden space 2048K, 100% used [0x00000000d5580000,0x00000000d5780000,0x00000000d5780000)
  from space 1024K, 53% used [0x00000000d5880000,0x00000000d5908000,0x00000000d5980000)
  to   space 1024K, 0% used [0x00000000d5780000,0x00000000d5780000,0x00000000d5880000)
 ParOldGen       total 269824K, used 269746K [0x0000000080000000, 0x0000000090780000, 0x00000000d5580000)
  object space 269824K, 99% used [0x0000000080000000,0x000000009076ca60,0x0000000090780000)
 Metaspace       used 57104K, committed 58432K, reserved 1114112K
  class space    used 5870K, committed 6464K, reserved 1048576K
}
Event: 12.791 GC heap after
{Heap after GC invocations=259 (full 2):
 PSYoungGen      total 3072K, used 640K [0x00000000d5580000, 0x00000000d5980000, 0x0000000100000000)
  eden space 2048K, 0% used [0x00000000d5580000,0x00000000d5580000,0x00000000d5780000)
  from space 1024K, 62% used [0x00000000d5780000,0x00000000d5820000,0x00000000d5880000)
  to   space 1024K, 0% used [0x00000000d5880000,0x00000000d5880000,0x00000000d5980000)
 ParOldGen       total 270336K, used 270235K [0x0000000080000000, 0x0000000090800000, 0x00000000d5580000)
  object space 270336K, 99% used [0x0000000080000000,0x00000000907e6e00,0x0000000090800000)
 Metaspace       used 57104K, committed 58432K, reserved 1114112K
  class space    used 5870K, committed 6464K, reserved 1048576K
}
Event: 12.797 GC heap before
{Heap before GC invocations=260 (full 2):
 PSYoungGen      total 3072K, used 2688K [0x00000000d5580000, 0x00000000d5980000, 0x0000000100000000)
  eden space 2048K, 100% used [0x00000000d5580000,0x00000000d5780000,0x00000000d5780000)
  from space 1024K, 62% used [0x00000000d5780000,0x00000000d5820000,0x00000000d5880000)
  to   space 1024K, 0% used [0x00000000d5880000,0x00000000d5880000,0x00000000d5980000)
 ParOldGen       total 270336K, used 270235K [0x0000000080000000, 0x0000000090800000, 0x00000000d5580000)
  object space 270336K, 99% used [0x0000000080000000,0x00000000907e6e00,0x0000000090800000)
 Metaspace       used 57105K, committed 58432K, reserved 1114112K
  class space    used 5870K, committed 6464K, reserved 1048576K
}
Event: 12.799 GC heap after
{Heap after GC invocations=260 (full 2):
 PSYoungGen      total 3072K, used 663K [0x00000000d5580000, 0x00000000d5a00000, 0x0000000100000000)
  eden space 2048K, 0% used [0x00000000d5580000,0x00000000d5580000,0x00000000d5780000)
  from space 1024K, 64% used [0x00000000d5880000,0x00000000d5925f10,0x00000000d5980000)
  to   space 1024K, 0% used [0x00000000d5780000,0x00000000d5780000,0x00000000d5880000)
 ParOldGen       total 270848K, used 270731K [0x0000000080000000, 0x0000000090880000, 0x00000000d5580000)
  object space 270848K, 99% used [0x0000000080000000,0x0000000090862de8,0x0000000090880000)
 Metaspace       used 57105K, committed 58432K, reserved 1114112K
  class space    used 5870K, committed 6464K, reserved 1048576K
}
Event: 12.807 GC heap before
{Heap before GC invocations=261 (full 2):
 PSYoungGen      total 3072K, used 2711K [0x00000000d5580000, 0x00000000d5a00000, 0x0000000100000000)
  eden space 2048K, 100% used [0x00000000d5580000,0x00000000d5780000,0x00000000d5780000)
  from space 1024K, 64% used [0x00000000d5880000,0x00000000d5925f10,0x00000000d5980000)
  to   space 1024K, 0% used [0x00000000d5780000,0x00000000d5780000,0x00000000d5880000)
 ParOldGen       total 270848K, used 270731K [0x0000000080000000, 0x0000000090880000, 0x00000000d5580000)
  object space 270848K, 99% used [0x0000000080000000,0x0000000090862de8,0x0000000090880000)
 Metaspace       used 57179K, committed 58496K, reserved 1114112K
  class space    used 5870K, committed 6464K, reserved 1048576K
}
Event: 12.808 GC heap after
{Heap after GC invocations=261 (full 2):
 PSYoungGen      total 3072K, used 640K [0x00000000d5580000, 0x00000000d5a00000, 0x0000000100000000)
  eden space 2048K, 0% used [0x00000000d5580000,0x00000000d5580000,0x00000000d5780000)
  from space 1024K, 62% used [0x00000000d5780000,0x00000000d5820298,0x00000000d5880000)
  to   space 1024K, 0% used [0x00000000d5900000,0x00000000d5900000,0x00000000d5a00000)
 ParOldGen       total 271360K, used 271262K [0x0000000080000000, 0x0000000090900000, 0x00000000d5580000)
  object space 271360K, 99% used [0x0000000080000000,0x00000000908e7aa8,0x0000000090900000)
 Metaspace       used 57179K, committed 58496K, reserved 1114112K
  class space    used 5870K, committed 6464K, reserved 1048576K
}
Event: 12.813 GC heap before
{Heap before GC invocations=262 (full 2):
 PSYoungGen      total 3072K, used 2688K [0x00000000d5580000, 0x00000000d5a00000, 0x0000000100000000)
  eden space 2048K, 100% used [0x00000000d5580000,0x00000000d5780000,0x00000000d5780000)
  from space 1024K, 62% used [0x00000000d5780000,0x00000000d5820298,0x00000000d5880000)
  to   space 1024K, 0% used [0x00000000d5900000,0x00000000d5900000,0x00000000d5a00000)
 ParOldGen       total 271360K, used 271262K [0x0000000080000000, 0x0000000090900000, 0x00000000d5580000)
  object space 271360K, 99% used [0x0000000080000000,0x00000000908e7aa8,0x0000000090900000)
 Metaspace       used 57179K, committed 58496K, reserved 1114112K
  class space    used 5870K, committed 6464K, reserved 1048576K
}
Event: 12.814 GC heap after
{Heap after GC invocations=262 (full 2):
 PSYoungGen      total 3584K, used 627K [0x00000000d5580000, 0x00000000d5a00000, 0x0000000100000000)
  eden space 2560K, 0% used [0x00000000d5580000,0x00000000d5580000,0x00000000d5800000)
  from space 1024K, 61% used [0x00000000d5900000,0x00000000d599cee8,0x00000000d5a00000)
  to   space 1024K, 0% used [0x00000000d5800000,0x00000000d5800000,0x00000000d5900000)
 ParOldGen       total 271872K, used 271769K [0x0000000080000000, 0x0000000090980000, 0x00000000d5580000)
  object space 271872K, 99% used [0x0000000080000000,0x00000000909665c8,0x0000000090980000)
 Metaspace       used 57179K, committed 58496K, reserved 1114112K
  class space    used 5870K, committed 6464K, reserved 1048576K
}

