# JRE version: OpenJDK Runtime Environment Temurin-21.0.7+6 (21.0.7+6) (build 21.0.7+6-LTS)
# Java VM: OpenJDK 64-Bit Server VM Temurin-21.0.7+6 (21.0.7+6-LTS, mixed mode, sharing, tiered, compressed oops, compressed class ptrs, parallel gc, windows-amd64)
GC Precious Log:
 CardTable entry size: 512
 CPUs: 12 total, 12 available
 Memory: 7581M
 Large Page Support: Disabled
 NUMA Support: Disabled
 Compressed Oops: Enabled (32-bit)
 Alignments: Space 512K, Generation 512K, Heap 2M
 Heap Min Capacity: 100M
 Heap Initial Capacity: 100M
 Heap Max Capacity: 2G
 Pre-touch: Disabled
 Parallel Workers: 10
Heap:
 PSYoungGen      total 7168K, used 4769K [0x00000000d5580000, 0x00000000d5e00000, 0x0000000100000000)
  eden space 6144K, 63% used [0x00000000d5580000,0x00000000d59518e8,0x00000000d5b80000)
  from space 1024K, 83% used [0x00000000d5c00000,0x00000000d5cd6c08,0x00000000d5d00000)
  to   space 1024K, 0% used [0x00000000d5d00000,0x00000000d5d00000,0x00000000d5e00000)
 ParOldGen       total 386560K, used 386481K [0x0000000080000000, 0x0000000097980000, 0x00000000d5580000)
  object space 386560K, 99% used [0x0000000080000000,0x000000009796c638,0x0000000097980000)
 Metaspace       used 60071K, committed 61376K, reserved 1114112K
  class space    used 6008K, committed 6592K, reserved 1048576K
GC Heap History (20 events):
Event: 16.352 GC heap before
{Heap before GC invocations=362 (full 2):
 PSYoungGen      total 7680K, used 6752K [0x00000000d5580000, 0x00000000d5e00000, 0x0000000100000000)
  eden space 6144K, 100% used [0x00000000d5580000,0x00000000d5b80000,0x00000000d5b80000)
  from space 1536K, 39% used [0x00000000d5b80000,0x00000000d5c18000,0x00000000d5d00000)
  to   space 1024K, 0% used [0x00000000d5d00000,0x00000000d5d00000,0x00000000d5e00000)
 ParOldGen       total 379904K, used 379468K [0x0000000080000000, 0x0000000097300000, 0x00000000d5580000)
  object space 379904K, 99% used [0x0000000080000000,0x0000000097293300,0x0000000097300000)
 Metaspace       used 59512K, committed 60800K, reserved 1114112K
  class space    used 5967K, committed 6592K, reserved 1048576K
}
Event: 16.353 GC heap after
{Heap after GC invocations=362 (full 2):
 PSYoungGen      total 7168K, used 608K [0x00000000d5580000, 0x00000000d5e00000, 0x0000000100000000)
  eden space 6144K, 0% used [0x00000000d5580000,0x00000000d5580000,0x00000000d5b80000)
  from space 1024K, 59% used [0x00000000d5d00000,0x00000000d5d98000,0x00000000d5e00000)
  to   space 1024K, 0% used [0x00000000d5c00000,0x00000000d5c00000,0x00000000d5d00000)
 ParOldGen       total 380416K, used 379948K [0x0000000080000000, 0x0000000097380000, 0x00000000d5580000)
  object space 380416K, 99% used [0x0000000080000000,0x000000009730b300,0x0000000097380000)
 Metaspace       used 59512K, committed 60800K, reserved 1114112K
  class space    used 5967K, committed 6592K, reserved 1048576K
}
Event: 16.403 GC heap before
{Heap before GC invocations=363 (full 2):
 PSYoungGen      total 7168K, used 6752K [0x00000000d5580000, 0x00000000d5e00000, 0x0000000100000000)
  eden space 6144K, 100% used [0x00000000d5580000,0x00000000d5b80000,0x00000000d5b80000)
  from space 1024K, 59% used [0x00000000d5d00000,0x00000000d5d98000,0x00000000d5e00000)
  to   space 1024K, 0% used [0x00000000d5c00000,0x00000000d5c00000,0x00000000d5d00000)
 ParOldGen       total 380416K, used 379948K [0x0000000080000000, 0x0000000097380000, 0x00000000d5580000)
  object space 380416K, 99% used [0x0000000080000000,0x000000009730b300,0x0000000097380000)
 Metaspace       used 59544K, committed 60864K, reserved 1114112K
  class space    used 5967K, committed 6592K, reserved 1048576K
}
Event: 16.404 GC heap after
{Heap after GC invocations=363 (full 2):
 PSYoungGen      total 7168K, used 640K [0x00000000d5580000, 0x00000000d5d80000, 0x0000000100000000)
  eden space 6144K, 0% used [0x00000000d5580000,0x00000000d5580000,0x00000000d5b80000)
  from space 1024K, 62% used [0x00000000d5c00000,0x00000000d5ca0000,0x00000000d5d00000)
  to   space 512K, 0% used [0x00000000d5d00000,0x00000000d5d00000,0x00000000d5d80000)
 ParOldGen       total 380928K, used 380428K [0x0000000080000000, 0x0000000097400000, 0x00000000d5580000)
  object space 380928K, 99% used [0x0000000080000000,0x0000000097383300,0x0000000097400000)
 Metaspace       used 59544K, committed 60864K, reserved 1114112K
  class space    used 5967K, committed 6592K, reserved 1048576K
}
Event: 16.449 GC heap before
{Heap before GC invocations=364 (full 2):
 PSYoungGen      total 7168K, used 6784K [0x00000000d5580000, 0x00000000d5d80000, 0x0000000100000000)
  eden space 6144K, 100% used [0x00000000d5580000,0x00000000d5b80000,0x00000000d5b80000)
  from space 1024K, 62% used [0x00000000d5c00000,0x00000000d5ca0000,0x00000000d5d00000)
  to   space 512K, 0% used [0x00000000d5d00000,0x00000000d5d00000,0x00000000d5d80000)
 ParOldGen       total 380928K, used 380428K [0x0000000080000000, 0x0000000097400000, 0x00000000d5580000)
  object space 380928K, 99% used [0x0000000080000000,0x0000000097383300,0x0000000097400000)
 Metaspace       used 59570K, committed 60928K, reserved 1114112K
  class space    used 5967K, committed 6592K, reserved 1048576K
}
Event: 16.451 GC heap after
{Heap after GC invocations=364 (full 2):
 PSYoungGen      total 6656K, used 512K [0x00000000d5580000, 0x00000000d5e80000, 0x0000000100000000)
  eden space 6144K, 0% used [0x00000000d5580000,0x00000000d5580000,0x00000000d5b80000)
  from space 512K, 100% used [0x00000000d5d00000,0x00000000d5d80000,0x00000000d5d80000)
  to   space 1536K, 0% used [0x00000000d5b80000,0x00000000d5b80000,0x00000000d5d00000)
 ParOldGen       total 380928K, used 380924K [0x0000000080000000, 0x0000000097400000, 0x00000000d5580000)
  object space 380928K, 99% used [0x0000000080000000,0x00000000973ff300,0x0000000097400000)
 Metaspace       used 59570K, committed 60928K, reserved 1114112K
  class space    used 5967K, committed 6592K, reserved 1048576K
}
Event: 16.492 GC heap before
{Heap before GC invocations=365 (full 2):
 PSYoungGen      total 6656K, used 6656K [0x00000000d5580000, 0x00000000d5e80000, 0x0000000100000000)
  eden space 6144K, 100% used [0x00000000d5580000,0x00000000d5b80000,0x00000000d5b80000)
  from space 512K, 100% used [0x00000000d5d00000,0x00000000d5d80000,0x00000000d5d80000)
  to   space 1536K, 0% used [0x00000000d5b80000,0x00000000d5b80000,0x00000000d5d00000)
 ParOldGen       total 380928K, used 380924K [0x0000000080000000, 0x0000000097400000, 0x00000000d5580000)
  object space 380928K, 99% used [0x0000000080000000,0x00000000973ff300,0x0000000097400000)
 Metaspace       used 59576K, committed 60928K, reserved 1114112K
  class space    used 5967K, committed 6592K, reserved 1048576K
}
Event: 16.493 GC heap after
{Heap after GC invocations=365 (full 2):
 PSYoungGen      total 7168K, used 832K [0x00000000d5580000, 0x00000000d5d80000, 0x0000000100000000)
  eden space 6144K, 0% used [0x00000000d5580000,0x00000000d5580000,0x00000000d5b80000)
  from space 1024K, 81% used [0x00000000d5b80000,0x00000000d5c50000,0x00000000d5c80000)
  to   space 1024K, 0% used [0x00000000d5c80000,0x00000000d5c80000,0x00000000d5d80000)
 ParOldGen       total 381440K, used 381380K [0x0000000080000000, 0x0000000097480000, 0x00000000d5580000)
  object space 381440K, 99% used [0x0000000080000000,0x0000000097471300,0x0000000097480000)
 Metaspace       used 59576K, committed 60928K, reserved 1114112K
  class space    used 5967K, committed 6592K, reserved 1048576K
}
Event: 16.553 GC heap before
{Heap before GC invocations=366 (full 2):
 PSYoungGen      total 7168K, used 6976K [0x00000000d5580000, 0x00000000d5d80000, 0x0000000100000000)
  eden space 6144K, 100% used [0x00000000d5580000,0x00000000d5b80000,0x00000000d5b80000)
  from space 1024K, 81% used [0x00000000d5b80000,0x00000000d5c50000,0x00000000d5c80000)
  to   space 1024K, 0% used [0x00000000d5c80000,0x00000000d5c80000,0x00000000d5d80000)
 ParOldGen       total 381440K, used 381380K [0x0000000080000000, 0x0000000097480000, 0x00000000d5580000)
  object space 381440K, 99% used [0x0000000080000000,0x0000000097471300,0x0000000097480000)
 Metaspace       used 59601K, committed 60928K, reserved 1114112K
  class space    used 5967K, committed 6592K, reserved 1048576K
}
Event: 16.555 GC heap after
{Heap after GC invocations=366 (full 2):
 PSYoungGen      total 7168K, used 952K [0x00000000d5580000, 0x00000000d5d80000, 0x0000000100000000)
  eden space 6144K, 0% used [0x00000000d5580000,0x00000000d5580000,0x00000000d5b80000)
  from space 1024K, 92% used [0x00000000d5c80000,0x00000000d5d6e008,0x00000000d5d80000)
  to   space 1024K, 0% used [0x00000000d5b80000,0x00000000d5b80000,0x00000000d5c80000)
 ParOldGen       total 381952K, used 381940K [0x0000000080000000, 0x0000000097500000, 0x00000000d5580000)
  object space 381952K, 99% used [0x0000000080000000,0x00000000974fd300,0x0000000097500000)
 Metaspace       used 59601K, committed 60928K, reserved 1114112K
  class space    used 5967K, committed 6592K, reserved 1048576K
}
Event: 16.648 GC heap before
{Heap before GC invocations=367 (full 2):
 PSYoungGen      total 7168K, used 7096K [0x00000000d5580000, 0x00000000d5d80000, 0x0000000100000000)
  eden space 6144K, 100% used [0x00000000d5580000,0x00000000d5b80000,0x00000000d5b80000)
  from space 1024K, 92% used [0x00000000d5c80000,0x00000000d5d6e008,0x00000000d5d80000)
  to   space 1024K, 0% used [0x00000000d5b80000,0x00000000d5b80000,0x00000000d5c80000)
 ParOldGen       total 381952K, used 381940K [0x0000000080000000, 0x0000000097500000, 0x00000000d5580000)
  object space 381952K, 99% used [0x0000000080000000,0x00000000974fd300,0x0000000097500000)
 Metaspace       used 59650K, committed 61056K, reserved 1114112K
  class space    used 5969K, committed 6592K, reserved 1048576K
}
Event: 16.650 GC heap after
{Heap after GC invocations=367 (full 2):
 PSYoungGen      total 7168K, used 1009K [0x00000000d5580000, 0x00000000d6080000, 0x0000000100000000)
  eden space 6144K, 0% used [0x00000000d5580000,0x00000000d5580000,0x00000000d5b80000)
  from space 1024K, 98% used [0x00000000d5b80000,0x00000000d5c7c610,0x00000000d5c80000)
  to   space 2560K, 0% used [0x00000000d5e00000,0x00000000d5e00000,0x00000000d6080000)
 ParOldGen       total 382976K, used 382876K [0x0000000080000000, 0x0000000097600000, 0x00000000d5580000)
  object space 382976K, 99% used [0x0000000080000000,0x00000000975e7308,0x0000000097600000)
 Metaspace       used 59650K, committed 61056K, reserved 1114112K
  class space    used 5969K, committed 6592K, reserved 1048576K
}
Event: 16.877 GC heap before
{Heap before GC invocations=368 (full 2):
 PSYoungGen      total 7168K, used 7153K [0x00000000d5580000, 0x00000000d6080000, 0x0000000100000000)
  eden space 6144K, 99% used [0x00000000d5580000,0x00000000d5b7ff90,0x00000000d5b80000)
  from space 1024K, 98% used [0x00000000d5b80000,0x00000000d5c7c610,0x00000000d5c80000)
  to   space 2560K, 0% used [0x00000000d5e00000,0x00000000d5e00000,0x00000000d6080000)
 ParOldGen       total 382976K, used 382876K [0x0000000080000000, 0x0000000097600000, 0x00000000d5580000)
  object space 382976K, 99% used [0x0000000080000000,0x00000000975e7308,0x0000000097600000)
 Metaspace       used 59692K, committed 61056K, reserved 1114112K
  class space    used 5970K, committed 6592K, reserved 1048576K
}
Event: 16.878 GC heap after
{Heap after GC invocations=368 (full 2):
 PSYoungGen      total 6656K, used 384K [0x00000000d5580000, 0x00000000d5e80000, 0x0000000100000000)
  eden space 6144K, 0% used [0x00000000d5580000,0x00000000d5580000,0x00000000d5b80000)
  from space 512K, 75% used [0x00000000d5e00000,0x00000000d5e60000,0x00000000d5e80000)
  to   space 1024K, 0% used [0x00000000d5c80000,0x00000000d5c80000,0x00000000d5d80000)
 ParOldGen       total 383488K, used 383188K [0x0000000080000000, 0x0000000097680000, 0x00000000d5580000)
  object space 383488K, 99% used [0x0000000080000000,0x0000000097635318,0x0000000097680000)
 Metaspace       used 59692K, committed 61056K, reserved 1114112K
  class space    used 5970K, committed 6592K, reserved 1048576K
}
Event: 16.926 GC heap before
{Heap before GC invocations=369 (full 2):
 PSYoungGen      total 6656K, used 6528K [0x00000000d5580000, 0x00000000d5e80000, 0x0000000100000000)
  eden space 6144K, 100% used [0x00000000d5580000,0x00000000d5b80000,0x00000000d5b80000)
  from space 512K, 75% used [0x00000000d5e00000,0x00000000d5e60000,0x00000000d5e80000)
  to   space 1024K, 0% used [0x00000000d5c80000,0x00000000d5c80000,0x00000000d5d80000)
 ParOldGen       total 383488K, used 383188K [0x0000000080000000, 0x0000000097680000, 0x00000000d5580000)
  object space 383488K, 99% used [0x0000000080000000,0x0000000097635318,0x0000000097680000)
 Metaspace       used 59697K, committed 61056K, reserved 1114112K
  class space    used 5970K, committed 6592K, reserved 1048576K
}
Event: 16.927 GC heap after
{Heap after GC invocations=369 (full 2):
 PSYoungGen      total 7168K, used 736K [0x00000000d5580000, 0x00000000d5e80000, 0x0000000100000000)
  eden space 6144K, 0% used [0x00000000d5580000,0x00000000d5580000,0x00000000d5b80000)
  from space 1024K, 71% used [0x00000000d5c80000,0x00000000d5d38000,0x00000000d5d80000)
  to   space 1024K, 0% used [0x00000000d5d80000,0x00000000d5d80000,0x00000000d5e80000)
 ParOldGen       total 383488K, used 383300K [0x0000000080000000, 0x0000000097680000, 0x00000000d5580000)
  object space 383488K, 99% used [0x0000000080000000,0x0000000097651318,0x0000000097680000)
 Metaspace       used 59697K, committed 61056K, reserved 1114112K
  class space    used 5970K, committed 6592K, reserved 1048576K
}
Event: 16.948 GC heap before
{Heap before GC invocations=370 (full 2):
 PSYoungGen      total 7168K, used 6880K [0x00000000d5580000, 0x00000000d5e80000, 0x0000000100000000)
  eden space 6144K, 100% used [0x00000000d5580000,0x00000000d5b80000,0x00000000d5b80000)
  from space 1024K, 71% used [0x00000000d5c80000,0x00000000d5d38000,0x00000000d5d80000)
  to   space 1024K, 0% used [0x00000000d5d80000,0x00000000d5d80000,0x00000000d5e80000)
 ParOldGen       total 383488K, used 383300K [0x0000000080000000, 0x0000000097680000, 0x00000000d5580000)
  object space 383488K, 99% used [0x0000000080000000,0x0000000097651318,0x0000000097680000)
 Metaspace       used 59697K, committed 61056K, reserved 1114112K
  class space    used 5970K, committed 6592K, reserved 1048576K
}
Event: 16.949 GC heap after
{Heap after GC invocations=370 (full 2):
 PSYoungGen      total 7168K, used 667K [0x00000000d5580000, 0x00000000d5e80000, 0x0000000100000000)
  eden space 6144K, 0% used [0x00000000d5580000,0x00000000d5580000,0x00000000d5b80000)
  from space 1024K, 65% used [0x00000000d5d80000,0x00000000d5e26c08,0x00000000d5e80000)
  to   space 1024K, 0% used [0x00000000d5c80000,0x00000000d5c80000,0x00000000d5d80000)
 ParOldGen       total 384000K, used 383870K [0x0000000080000000, 0x0000000097700000, 0x00000000d5580000)
  object space 384000K, 99% used [0x0000000080000000,0x00000000976df990,0x0000000097700000)
 Metaspace       used 59697K, committed 61056K, reserved 1114112K
  class space    used 5970K, committed 6592K, reserved 1048576K
}
Event: 17.017 GC heap before
{Heap before GC invocations=371 (full 2):
 PSYoungGen      total 7168K, used 6811K [0x00000000d5580000, 0x00000000d5e80000, 0x0000000100000000)
  eden space 6144K, 100% used [0x00000000d5580000,0x00000000d5b80000,0x00000000d5b80000)
  from space 1024K, 65% used [0x00000000d5d80000,0x00000000d5e26c08,0x00000000d5e80000)
  to   space 1024K, 0% used [0x00000000d5c80000,0x00000000d5c80000,0x00000000d5d80000)
 ParOldGen       total 384000K, used 383870K [0x0000000080000000, 0x0000000097700000, 0x00000000d5580000)
  object space 384000K, 99% used [0x0000000080000000,0x00000000976df990,0x0000000097700000)
 Metaspace       used 59795K, committed 61120K, reserved 1114112K
  class space    used 5985K, committed 6592K, reserved 1048576K
}
Event: 17.019 GC heap after
{Heap after GC invocations=371 (full 2):
 PSYoungGen      total 7168K, used 637K [0x00000000d5580000, 0x00000000d5e00000, 0x0000000100000000)
  eden space 6144K, 0% used [0x00000000d5580000,0x00000000d5580000,0x00000000d5b80000)
  from space 1024K, 62% used [0x00000000d5c80000,0x00000000d5d1f438,0x00000000d5d80000)
  to   space 512K, 0% used [0x00000000d5d80000,0x00000000d5d80000,0x00000000d5e00000)
 ParOldGen       total 386048K, used 385620K [0x0000000080000000, 0x0000000097900000, 0x00000000d5580000)
  object space 386048K, 99% used [0x0000000080000000,0x0000000097895200,0x0000000097900000)
 Metaspace       used 59795K, committed 61120K, reserved 1114112K
  class space    used 5985K, committed 6592K, reserved 1048576K
}

